D:\IT\Project\ShopMart\Orient.Base.Net.Core.Api\ShopMartAdmin\dist\out-tsc\e2e\app.po.js
D:\IT\Project\ShopMart\Orient.Base.Net.Core.Api\ShopMartAdmin\dist\out-tsc\e2e\app.po.js.map
D:\IT\Project\ShopMart\Orient.Base.Net.Core.Api\ShopMartAdmin\dist\out-tsc\e2e\app.e2e-spec.js
D:\IT\Project\ShopMart\Orient.Base.Net.Core.Api\ShopMartAdmin\dist\out-tsc\e2e\app.e2e-spec.js.map
D:\IT\Project\ShopMart\Orient.Base.Net.Core.Api\ShopMartAdmin\dist\out-tsc\src\app\app.component.js
D:\IT\Project\ShopMart\Orient.Base.Net.Core.Api\ShopMartAdmin\dist\out-tsc\src\app\app.component.js.map
D:\IT\Project\ShopMart\Orient.Base.Net.Core.Api\ShopMartAdmin\dist\out-tsc\src\app\_nav.js
D:\IT\Project\ShopMart\Orient.Base.Net.Core.Api\ShopMartAdmin\dist\out-tsc\src\app\_nav.js.map
D:\IT\Project\ShopMart\Orient.Base.Net.Core.Api\ShopMartAdmin\dist\out-tsc\src\app\containers\default-layout\default-layout.component.js
D:\IT\Project\ShopMart\Orient.Base.Net.Core.Api\ShopMartAdmin\dist\out-tsc\src\app\containers\default-layout\default-layout.component.js.map
D:\IT\Project\ShopMart\Orient.Base.Net.Core.Api\ShopMartAdmin\dist\out-tsc\src\app\containers\default-layout\index.js
D:\IT\Project\ShopMart\Orient.Base.Net.Core.Api\ShopMartAdmin\dist\out-tsc\src\app\containers\default-layout\index.js.map
D:\IT\Project\ShopMart\Orient.Base.Net.Core.Api\ShopMartAdmin\dist\out-tsc\src\app\containers\index.js
D:\IT\Project\ShopMart\Orient.Base.Net.Core.Api\ShopMartAdmin\dist\out-tsc\src\app\containers\index.js.map
D:\IT\Project\ShopMart\Orient.Base.Net.Core.Api\ShopMartAdmin\dist\out-tsc\src\app\containers\pages\login\login.component.js
D:\IT\Project\ShopMart\Orient.Base.Net.Core.Api\ShopMartAdmin\dist\out-tsc\src\app\containers\pages\login\login.component.js.map
D:\IT\Project\ShopMart\Orient.Base.Net.Core.Api\ShopMartAdmin\dist\out-tsc\src\app\containers\pages\register\register.component.js
D:\IT\Project\ShopMart\Orient.Base.Net.Core.Api\ShopMartAdmin\dist\out-tsc\src\app\containers\pages\register\register.component.js.map
D:\IT\Project\ShopMart\Orient.Base.Net.Core.Api\ShopMartAdmin\dist\out-tsc\src\app\containers\pages\error\404.component.js
D:\IT\Project\ShopMart\Orient.Base.Net.Core.Api\ShopMartAdmin\dist\out-tsc\src\app\containers\pages\error\404.component.js.map
D:\IT\Project\ShopMart\Orient.Base.Net.Core.Api\ShopMartAdmin\dist\out-tsc\src\app\containers\pages\error\500.component.js
D:\IT\Project\ShopMart\Orient.Base.Net.Core.Api\ShopMartAdmin\dist\out-tsc\src\app\containers\pages\error\500.component.js.map
D:\IT\Project\ShopMart\Orient.Base.Net.Core.Api\ShopMartAdmin\dist\out-tsc\src\app\containers\pages\dashboard\dashboard.component.js
D:\IT\Project\ShopMart\Orient.Base.Net.Core.Api\ShopMartAdmin\dist\out-tsc\src\app\containers\pages\dashboard\dashboard.component.js.map
D:\IT\Project\ShopMart\Orient.Base.Net.Core.Api\ShopMartAdmin\dist\out-tsc\src\app\containers\pages\dashboard\dashboard-routing.module.js
D:\IT\Project\ShopMart\Orient.Base.Net.Core.Api\ShopMartAdmin\dist\out-tsc\src\app\containers\pages\dashboard\dashboard-routing.module.js.map
D:\IT\Project\ShopMart\Orient.Base.Net.Core.Api\ShopMartAdmin\dist\out-tsc\src\app\containers\pages\dashboard\dashboard.module.js
D:\IT\Project\ShopMart\Orient.Base.Net.Core.Api\ShopMartAdmin\dist\out-tsc\src\app\containers\pages\dashboard\dashboard.module.js.map
D:\IT\Project\ShopMart\Orient.Base.Net.Core.Api\ShopMartAdmin\dist\out-tsc\src\app\app.routing.js
D:\IT\Project\ShopMart\Orient.Base.Net.Core.Api\ShopMartAdmin\dist\out-tsc\src\app\app.routing.js.map
D:\IT\Project\ShopMart\Orient.Base.Net.Core.Api\ShopMartAdmin\dist\out-tsc\src\app\app.module.js
D:\IT\Project\ShopMart\Orient.Base.Net.Core.Api\ShopMartAdmin\dist\out-tsc\src\app\app.module.js.map
D:\IT\Project\ShopMart\Orient.Base.Net.Core.Api\ShopMartAdmin\dist\out-tsc\src\environments\environment.js
D:\IT\Project\ShopMart\Orient.Base.Net.Core.Api\ShopMartAdmin\dist\out-tsc\src\environments\environment.js.map
D:\IT\Project\ShopMart\Orient.Base.Net.Core.Api\ShopMartAdmin\dist\out-tsc\src\main.js
D:\IT\Project\ShopMart\Orient.Base.Net.Core.Api\ShopMartAdmin\dist\out-tsc\src\main.js.map
D:\IT\Project\ShopMart\Orient.Base.Net.Core.Api\ShopMartAdmin\dist\out-tsc\src\polyfills.js
D:\IT\Project\ShopMart\Orient.Base.Net.Core.Api\ShopMartAdmin\dist\out-tsc\src\polyfills.js.map
D:\IT\Project\ShopMart\Orient.Base.Net.Core.Api\ShopMartAdmin\dist\out-tsc\src\test.js
D:\IT\Project\ShopMart\Orient.Base.Net.Core.Api\ShopMartAdmin\dist\out-tsc\src\test.js.map
D:\IT\Project\ShopMart\Orient.Base.Net.Core.Api\ShopMartAdmin\dist\out-tsc\src\app\app.component.spec.js
D:\IT\Project\ShopMart\Orient.Base.Net.Core.Api\ShopMartAdmin\dist\out-tsc\src\app\app.component.spec.js.map
D:\IT\Project\ShopMart\Orient.Base.Net.Core.Api\ShopMartAdmin\dist\out-tsc\src\environments\environment.prod.js
D:\IT\Project\ShopMart\Orient.Base.Net.Core.Api\ShopMartAdmin\dist\out-tsc\src\environments\environment.prod.js.map
